Using pre-set license

 COMMAND LINE ARGUMENTS:
/Applications/Unity/Unity.app/Contents/MacOS/Unity
-adb2
-batchMode
-noUpm
-name
AssetImportWorker0
-projectPath
/Users/victoregea/Downloads/Build-a-rail
-logFile
Logs/AssetImportWorker0.log
-srvPort
56880
Successfully changed project path to: /Users/victoregea/Downloads/Build-a-rail
/Users/victoregea/Downloads/Build-a-rail
Using Asset Import Pipeline V2.
Refreshing native plugins compatible for Editor in 38.59 ms, found 1 plugins.
Preloading 0 native plugins for Editor in 0.00 ms.
Initialize engine version: 2020.2.4f1 (becced5a802b)
[Subsystems] Discovering subsystems at path /Applications/Unity/Unity.app/Contents/Resources/UnitySubsystems
[Subsystems] Discovering subsystems at path /Users/victoregea/Downloads/Build-a-rail/Assets
GfxDevice: creating device client; threaded=0
2022-06-07 10:22:07.591 Unity[25966:2321620] BenQ GW2480 preferred device: Intel(R) UHD Graphics 630 (low power)
2022-06-07 10:22:07.591 Unity[25966:2321620] Metal devices available: 1
2022-06-07 10:22:07.591 Unity[25966:2321620] 0: Intel(R) UHD Graphics 630 (low power)
2022-06-07 10:22:07.591 Unity[25966:2321620] Using device Intel(R) UHD Graphics 630 (low power)
Initializing Metal device caps: Intel(R) UHD Graphics 630
Initialize mono
Mono path[0] = '/Applications/Unity/Unity.app/Contents/Managed'
Mono path[1] = '/Applications/Unity/Unity.app/Contents/MonoBleedingEdge/lib/mono/unityjit'
Mono config path = '/Applications/Unity/Unity.app/Contents/MonoBleedingEdge/etc'
Using monoOptions --debugger-agent=transport=dt_socket,embedding=1,server=y,suspend=n,address=127.0.0.1:56966
Begin MonoManager ReloadAssembly
Registering precompiled unity dll's ...
Register platform support module: /Applications/Unity/Unity.app/Contents/PlaybackEngines/MacStandaloneSupport/UnityEditor.OSXStandalone.Extensions.dll
Registered in 0.000342 seconds.
Native extension for OSXStandalone target not found
Refreshing native plugins compatible for Editor in 30.10 ms, found 1 plugins.
Preloading 0 native plugins for Editor in 0.00 ms.
Invoked RoslynAnalysisRunner static constructor.
RoslynAnalysisRunner will not be running.
RoslynAnalysisRunner has terminated.
Mono: successfully reloaded assembly
- Completed reload, in  1.311 seconds
Platform modules already initialized, skipping
Registering precompiled user dll's ...
Registered in 0.000730 seconds.
Begin MonoManager ReloadAssembly
Native extension for OSXStandalone target not found
Refreshing native plugins compatible for Editor in 0.39 ms, found 1 plugins.
Preloading 0 native plugins for Editor in 0.00 ms.
Invoked RoslynAnalysisRunner static constructor.
RoslynAnalysisRunner will not be running.
RoslynAnalysisRunner has terminated.
Mono: successfully reloaded assembly
- Completed reload, in  0.841 seconds
Platform modules already initialized, skipping
========================================================================
Worker process is ready to serve import requests
Launching external process: /Applications/Unity/Unity.app/Contents/Tools/UnityShaderCompiler
Launched and connected shader compiler UnityShaderCompiler after 0.01 seconds
Refreshing native plugins compatible for Editor in 0.37 ms, found 1 plugins.
Preloading 0 native plugins for Editor in 0.00 ms.
Unloading 1417 Unused Serialized files (Serialized files now loaded: 0)
System memory in use before: 123.3 MB.
System memory in use after: 122.8 MB.

Unloading 35 unused Assets to reduce memory usage. Loaded Objects now: 1849.
Total: 2.833557 ms (FindLiveObjects: 0.317221 ms CreateObjectMapping: 0.115442 ms MarkObjects: 1.992337 ms  DeleteObjects: 0.406934 ms)

========================================================================
Received Import Request.
  path: Assets/Animations/pickaxe01.controller
  artifactKey: Guid(0a0db4fcaa98646d4a4cf172242b6deb) Importer(815301076,1909f56bfc062723c751e8b465ee728b)
Start importing Assets/Animations/pickaxe01.controller using Guid(0a0db4fcaa98646d4a4cf172242b6deb) Importer(815301076,1909f56bfc062723c751e8b465ee728b)  -> (artifact id: 'b55b4a82eefbd00a2b715edeb1c4668e') in 0.882897 seconds
  Import took 0.887408 seconds .

AssetImportWorkerClient::OnTransportError - code=2 error=End of file
