Using pre-set license

 COMMAND LINE ARGUMENTS:
/Applications/Unity/Unity.app/Contents/MacOS/Unity
-adb2
-batchMode
-noUpm
-name
AssetImportWorker0
-projectPath
/Users/victoregea/Downloads/Build-a-rail
-logFile
Logs/AssetImportWorker0.log
-srvPort
52309
Successfully changed project path to: /Users/victoregea/Downloads/Build-a-rail
/Users/victoregea/Downloads/Build-a-rail
Using Asset Import Pipeline V2.
Refreshing native plugins compatible for Editor in 50.06 ms, found 1 plugins.
Preloading 0 native plugins for Editor in 0.00 ms.
Initialize engine version: 2020.2.4f1 (becced5a802b)
[Subsystems] Discovering subsystems at path /Applications/Unity/Unity.app/Contents/Resources/UnitySubsystems
[Subsystems] Discovering subsystems at path /Users/victoregea/Downloads/Build-a-rail/Assets
GfxDevice: creating device client; threaded=0
2022-05-24 12:49:23.180 Unity[14578:381054] Color LCD preferred device: Intel(R) Iris(TM) Plus Graphics 640 (low power)
2022-05-24 12:49:23.180 Unity[14578:381054] Metal devices available: 1
2022-05-24 12:49:23.180 Unity[14578:381054] 0: Intel(R) Iris(TM) Plus Graphics 640 (low power)
2022-05-24 12:49:23.181 Unity[14578:381054] Using device Intel(R) Iris(TM) Plus Graphics 640 (low power)
Initializing Metal device caps: Intel(R) Iris(TM) Plus Graphics 640
Initialize mono
Mono path[0] = '/Applications/Unity/Unity.app/Contents/Managed'
Mono path[1] = '/Applications/Unity/Unity.app/Contents/MonoBleedingEdge/lib/mono/unityjit'
Mono config path = '/Applications/Unity/Unity.app/Contents/MonoBleedingEdge/etc'
Using monoOptions --debugger-agent=transport=dt_socket,embedding=1,server=y,suspend=n,address=127.0.0.1:56578
Begin MonoManager ReloadAssembly
Registering precompiled unity dll's ...
Register platform support module: /Applications/Unity/Unity.app/Contents/PlaybackEngines/MacStandaloneSupport/UnityEditor.OSXStandalone.Extensions.dll
Registered in 0.000498 seconds.
Native extension for OSXStandalone target not found
Refreshing native plugins compatible for Editor in 46.62 ms, found 1 plugins.
Preloading 0 native plugins for Editor in 0.00 ms.
Invoked RoslynAnalysisRunner static constructor.
RoslynAnalysisRunner will not be running.
RoslynAnalysisRunner has terminated.
Mono: successfully reloaded assembly
- Completed reload, in  2.145 seconds
Platform modules already initialized, skipping
Registering precompiled user dll's ...
Registered in 0.001147 seconds.
Begin MonoManager ReloadAssembly
Native extension for OSXStandalone target not found
Refreshing native plugins compatible for Editor in 0.52 ms, found 1 plugins.
Preloading 0 native plugins for Editor in 0.00 ms.
Invoked RoslynAnalysisRunner static constructor.
RoslynAnalysisRunner will not be running.
RoslynAnalysisRunner has terminated.
Mono: successfully reloaded assembly
- Completed reload, in  1.340 seconds
Platform modules already initialized, skipping
========================================================================
Worker process is ready to serve import requests
Launching external process: /Applications/Unity/Unity.app/Contents/Tools/UnityShaderCompiler
Launched and connected shader compiler UnityShaderCompiler after 0.02 seconds
Refreshing native plugins compatible for Editor in 0.52 ms, found 1 plugins.
Preloading 0 native plugins for Editor in 0.00 ms.
Unloading 1412 Unused Serialized files (Serialized files now loaded: 0)
System memory in use before: 121.6 MB.
System memory in use after: 121.1 MB.

Unloading 35 unused Assets to reduce memory usage. Loaded Objects now: 1844.
Total: 3.460232 ms (FindLiveObjects: 0.310187 ms CreateObjectMapping: 0.078475 ms MarkObjects: 2.435004 ms  DeleteObjects: 0.634043 ms)

========================================================================
Received Import Request.
  path: Assets/scripts
  artifactKey: Guid(2a541c26a403aea4fa3e16bff2f8e85a) Importer(815301076,1909f56bfc062723c751e8b465ee728b)
Start importing Assets/scripts using Guid(2a541c26a403aea4fa3e16bff2f8e85a) Importer(815301076,1909f56bfc062723c751e8b465ee728b)  -> (artifact id: '79bcd368257db3d40b3cf4de6acc8112') in 0.008566 seconds
  Import took 0.011971 seconds .

========================================================================
Received Import Request.
  Time since last request: 0.000260 seconds.
  path: Assets/scripts/build-a-rail
  artifactKey: Guid(a98e252ea1a78404cb1297c14bae23ef) Importer(815301076,1909f56bfc062723c751e8b465ee728b)
Start importing Assets/scripts/build-a-rail using Guid(a98e252ea1a78404cb1297c14bae23ef) Importer(815301076,1909f56bfc062723c751e8b465ee728b)  -> (artifact id: '38ca3020ccd628ecae4fedcd52f0661c') in 0.001015 seconds
  Import took 0.003430 seconds .

========================================================================
Received Import Request.
  Time since last request: 0.000228 seconds.
  path: Assets/scripts/build-a-rail/AxeController.cs
  artifactKey: Guid(729752bfbe9af80428701c2dd143fa27) Importer(815301076,1909f56bfc062723c751e8b465ee728b)
Start importing Assets/scripts/build-a-rail/AxeController.cs using Guid(729752bfbe9af80428701c2dd143fa27) Importer(815301076,1909f56bfc062723c751e8b465ee728b)  -> (artifact id: '48a596bf8dd5ff438480ac7a75a6a644') in 0.538905 seconds
  Import took 0.541963 seconds .

========================================================================
Received Prepare
Registering precompiled user dll's ...
Registered in 0.001140 seconds.
Begin MonoManager ReloadAssembly
Native extension for OSXStandalone target not found
Refreshing native plugins compatible for Editor in 0.52 ms, found 1 plugins.
Preloading 0 native plugins for Editor in 0.00 ms.
Invoked RoslynAnalysisRunner static constructor.
RoslynAnalysisRunner will not be running.
RoslynAnalysisRunner has terminated.
Mono: successfully reloaded assembly
- Completed reload, in  1.438 seconds
Platform modules already initialized, skipping
Refreshing native plugins compatible for Editor in 0.52 ms, found 1 plugins.
Preloading 0 native plugins for Editor in 0.00 ms.
Unloading 1404 Unused Serialized files (Serialized files now loaded: 0)
System memory in use before: 125.9 MB.
System memory in use after: 125.4 MB.

Unloading 26 unused Assets to reduce memory usage. Loaded Objects now: 1846.
Total: 3.572250 ms (FindLiveObjects: 0.513341 ms CreateObjectMapping: 0.103700 ms MarkObjects: 2.502157 ms  DeleteObjects: 0.451252 ms)

========================================================================
Received Import Request.
  Time since last request: 94.632451 seconds.
  path: Assets/scripts/build-a-rail/AxeController.cs
  artifactKey: Guid(729752bfbe9af80428701c2dd143fa27) Importer(815301076,1909f56bfc062723c751e8b465ee728b)
Start importing Assets/scripts/build-a-rail/AxeController.cs using Guid(729752bfbe9af80428701c2dd143fa27) Importer(815301076,1909f56bfc062723c751e8b465ee728b)  -> (artifact id: 'c5af793b52493382e0d7fc5199a61971') in 0.005639 seconds
  Import took 0.010279 seconds .

========================================================================
Received Import Request.
  Time since last request: 1.973562 seconds.
  path: Assets/scripts/build-a-rail/PickaxeController.cs
  artifactKey: Guid(480a51a1202543f4aacaa9e56b840ef9) Importer(815301076,1909f56bfc062723c751e8b465ee728b)
Start importing Assets/scripts/build-a-rail/PickaxeController.cs using Guid(480a51a1202543f4aacaa9e56b840ef9) Importer(815301076,1909f56bfc062723c751e8b465ee728b)  -> (artifact id: 'dfd9a957e875980f8fa481c9a65864c7') in 0.006858 seconds
  Import took 0.020158 seconds .

========================================================================
Received Prepare
Registering precompiled user dll's ...
Registered in 0.001121 seconds.
Begin MonoManager ReloadAssembly
Native extension for OSXStandalone target not found
Refreshing native plugins compatible for Editor in 0.52 ms, found 1 plugins.
Preloading 0 native plugins for Editor in 0.00 ms.
Invoked RoslynAnalysisRunner static constructor.
RoslynAnalysisRunner will not be running.
RoslynAnalysisRunner has terminated.
Mono: successfully reloaded assembly
- Completed reload, in  1.305 seconds
Platform modules already initialized, skipping
Refreshing native plugins compatible for Editor in 0.51 ms, found 1 plugins.
Preloading 0 native plugins for Editor in 0.00 ms.
Unloading 1404 Unused Serialized files (Serialized files now loaded: 0)
System memory in use before: 126.2 MB.
System memory in use after: 125.6 MB.

Unloading 26 unused Assets to reduce memory usage. Loaded Objects now: 1848.
Total: 2.622621 ms (FindLiveObjects: 0.254110 ms CreateObjectMapping: 0.059033 ms MarkObjects: 1.878336 ms  DeleteObjects: 0.429783 ms)

========================================================================
Received Import Request.
  Time since last request: 34.569655 seconds.
  path: Assets/scripts/build-a-rail/PickaxeController.cs
  artifactKey: Guid(480a51a1202543f4aacaa9e56b840ef9) Importer(815301076,1909f56bfc062723c751e8b465ee728b)
Start importing Assets/scripts/build-a-rail/PickaxeController.cs using Guid(480a51a1202543f4aacaa9e56b840ef9) Importer(815301076,1909f56bfc062723c751e8b465ee728b)  -> (artifact id: 'f47bb8140bbb1a778ce1fc17b86202cb') in 0.004646 seconds
  Import took 0.007665 seconds .

========================================================================
Received Import Request.
  Time since last request: 2.502042 seconds.
  path: Assets/scripts/build-a-rail/PickaxeController.cs
  artifactKey: Guid(480a51a1202543f4aacaa9e56b840ef9) Importer(815301076,1909f56bfc062723c751e8b465ee728b)
Start importing Assets/scripts/build-a-rail/PickaxeController.cs using Guid(480a51a1202543f4aacaa9e56b840ef9) Importer(815301076,1909f56bfc062723c751e8b465ee728b)  -> (artifact id: 'f47bb8140bbb1a778ce1fc17b86202cb') in 0.006838 seconds
  Import took 0.009971 seconds .

========================================================================
Received Prepare
Registering precompiled user dll's ...
Registered in 0.001360 seconds.
Begin MonoManager ReloadAssembly
Native extension for OSXStandalone target not found
Refreshing native plugins compatible for Editor in 0.68 ms, found 1 plugins.
Preloading 0 native plugins for Editor in 0.00 ms.
Invoked RoslynAnalysisRunner static constructor.
RoslynAnalysisRunner will not be running.
RoslynAnalysisRunner has terminated.
Mono: successfully reloaded assembly
- Completed reload, in  1.180 seconds
Platform modules already initialized, skipping
Refreshing native plugins compatible for Editor in 0.52 ms, found 1 plugins.
Preloading 0 native plugins for Editor in 0.00 ms.
Unloading 1404 Unused Serialized files (Serialized files now loaded: 0)
System memory in use before: 126.5 MB.
System memory in use after: 125.9 MB.

Unloading 26 unused Assets to reduce memory usage. Loaded Objects now: 1850.
Total: 3.355184 ms (FindLiveObjects: 0.509897 ms CreateObjectMapping: 0.263244 ms MarkObjects: 2.132543 ms  DeleteObjects: 0.446788 ms)

========================================================================
Received Import Request.
  Time since last request: 111.392550 seconds.
  path: Assets/scripts/build-a-rail/GameController.cs
  artifactKey: Guid(73f8ea9cfabf54a43800bf0f94114ddc) Importer(815301076,1909f56bfc062723c751e8b465ee728b)
Start importing Assets/scripts/build-a-rail/GameController.cs using Guid(73f8ea9cfabf54a43800bf0f94114ddc) Importer(815301076,1909f56bfc062723c751e8b465ee728b)  -> (artifact id: 'ba088e5b35d5ef3dd5d0baf517816f8d') in 0.008267 seconds
  Import took 0.016150 seconds .

========================================================================
Received Prepare
Registering precompiled user dll's ...
Registered in 0.001745 seconds.
Begin MonoManager ReloadAssembly
Native extension for OSXStandalone target not found
Refreshing native plugins compatible for Editor in 11.55 ms, found 1 plugins.
Preloading 0 native plugins for Editor in 0.00 ms.
Invoked RoslynAnalysisRunner static constructor.
RoslynAnalysisRunner will not be running.
RoslynAnalysisRunner has terminated.
Mono: successfully reloaded assembly
- Completed reload, in  1.722 seconds
Platform modules already initialized, skipping
Refreshing native plugins compatible for Editor in 0.51 ms, found 1 plugins.
Preloading 0 native plugins for Editor in 0.00 ms.
Unloading 1404 Unused Serialized files (Serialized files now loaded: 0)
System memory in use before: 126.7 MB.
System memory in use after: 126.2 MB.

Unloading 26 unused Assets to reduce memory usage. Loaded Objects now: 1852.
Total: 2.820256 ms (FindLiveObjects: 0.331864 ms CreateObjectMapping: 0.109882 ms MarkObjects: 1.835113 ms  DeleteObjects: 0.538160 ms)

========================================================================
Received Import Request.
  Time since last request: 126.154731 seconds.
  path: Assets/scripts/build-a-rail/GameController.cs
  artifactKey: Guid(73f8ea9cfabf54a43800bf0f94114ddc) Importer(815301076,1909f56bfc062723c751e8b465ee728b)
Start importing Assets/scripts/build-a-rail/GameController.cs using Guid(73f8ea9cfabf54a43800bf0f94114ddc) Importer(815301076,1909f56bfc062723c751e8b465ee728b)  -> (artifact id: 'abba0e4db716cbfb3fa40dc5baf3e1f5') in 0.005146 seconds
  Import took 0.009185 seconds .

========================================================================
Received Prepare
Registering precompiled user dll's ...
Registered in 0.001096 seconds.
Begin MonoManager ReloadAssembly
Native extension for OSXStandalone target not found
Refreshing native plugins compatible for Editor in 0.89 ms, found 1 plugins.
Preloading 0 native plugins for Editor in 0.00 ms.
Invoked RoslynAnalysisRunner static constructor.
RoslynAnalysisRunner will not be running.
RoslynAnalysisRunner has terminated.
Mono: successfully reloaded assembly
- Completed reload, in  1.279 seconds
Platform modules already initialized, skipping
Refreshing native plugins compatible for Editor in 0.62 ms, found 1 plugins.
Preloading 0 native plugins for Editor in 0.00 ms.
Unloading 1404 Unused Serialized files (Serialized files now loaded: 0)
System memory in use before: 126.9 MB.
System memory in use after: 126.4 MB.

Unloading 26 unused Assets to reduce memory usage. Loaded Objects now: 1854.
Total: 2.632875 ms (FindLiveObjects: 0.257301 ms CreateObjectMapping: 0.067375 ms MarkObjects: 1.854604 ms  DeleteObjects: 0.452043 ms)

========================================================================
Received Import Request.
  Time since last request: 67.446202 seconds.
  path: Assets/scripts/build-a-rail/AxeController.cs
  artifactKey: Guid(729752bfbe9af80428701c2dd143fa27) Importer(815301076,1909f56bfc062723c751e8b465ee728b)
Start importing Assets/scripts/build-a-rail/AxeController.cs using Guid(729752bfbe9af80428701c2dd143fa27) Importer(815301076,1909f56bfc062723c751e8b465ee728b)  -> (artifact id: 'ad151dd397a8262a0c7854b10c1ca5c3') in 0.009227 seconds
  Import took 0.012370 seconds .

========================================================================
Received Import Request.
  Time since last request: 2.211336 seconds.
  path: Assets/scripts/build-a-rail/AxeController.cs
  artifactKey: Guid(729752bfbe9af80428701c2dd143fa27) Importer(815301076,1909f56bfc062723c751e8b465ee728b)
Start importing Assets/scripts/build-a-rail/AxeController.cs using Guid(729752bfbe9af80428701c2dd143fa27) Importer(815301076,1909f56bfc062723c751e8b465ee728b)  -> (artifact id: 'ad151dd397a8262a0c7854b10c1ca5c3') in 0.003199 seconds
  Import took 0.006192 seconds .

========================================================================
Received Prepare
Registering precompiled user dll's ...
Registered in 0.002106 seconds.
Begin MonoManager ReloadAssembly
Native extension for OSXStandalone target not found
Refreshing native plugins compatible for Editor in 0.56 ms, found 1 plugins.
Preloading 0 native plugins for Editor in 0.00 ms.
Invoked RoslynAnalysisRunner static constructor.
RoslynAnalysisRunner will not be running.
RoslynAnalysisRunner has terminated.
Mono: successfully reloaded assembly
- Completed reload, in  1.289 seconds
Platform modules already initialized, skipping
Refreshing native plugins compatible for Editor in 0.69 ms, found 1 plugins.
Preloading 0 native plugins for Editor in 0.00 ms.
Unloading 1404 Unused Serialized files (Serialized files now loaded: 0)
System memory in use before: 127.2 MB.
System memory in use after: 126.7 MB.

Unloading 26 unused Assets to reduce memory usage. Loaded Objects now: 1856.
Total: 5.034537 ms (FindLiveObjects: 0.693988 ms CreateObjectMapping: 0.171658 ms MarkObjects: 3.213002 ms  DeleteObjects: 0.952165 ms)

========================================================================
Received Import Request.
  Time since last request: 62.844106 seconds.
  path: Assets/scripts/build-a-rail/AxeController.cs
  artifactKey: Guid(729752bfbe9af80428701c2dd143fa27) Importer(815301076,1909f56bfc062723c751e8b465ee728b)
Start importing Assets/scripts/build-a-rail/AxeController.cs using Guid(729752bfbe9af80428701c2dd143fa27) Importer(815301076,1909f56bfc062723c751e8b465ee728b)  -> (artifact id: '1c659c4fd6314a0c14e89dcc8573c6ba') in 0.009928 seconds
  Import took 0.015024 seconds .

========================================================================
Received Prepare
Registering precompiled user dll's ...
Registered in 0.001093 seconds.
Begin MonoManager ReloadAssembly
Native extension for OSXStandalone target not found
Refreshing native plugins compatible for Editor in 0.56 ms, found 1 plugins.
Preloading 0 native plugins for Editor in 0.00 ms.
Invoked RoslynAnalysisRunner static constructor.
RoslynAnalysisRunner will not be running.
RoslynAnalysisRunner has terminated.
Mono: successfully reloaded assembly
- Completed reload, in  1.265 seconds
Platform modules already initialized, skipping
Refreshing native plugins compatible for Editor in 0.55 ms, found 1 plugins.
Preloading 0 native plugins for Editor in 0.00 ms.
Unloading 1404 Unused Serialized files (Serialized files now loaded: 0)
System memory in use before: 127.5 MB.
System memory in use after: 127.0 MB.

Unloading 26 unused Assets to reduce memory usage. Loaded Objects now: 1858.
Total: 2.833624 ms (FindLiveObjects: 0.255120 ms CreateObjectMapping: 0.122065 ms MarkObjects: 1.985649 ms  DeleteObjects: 0.467543 ms)

========================================================================
Received Import Request.
  Time since last request: 361.543649 seconds.
  path: Assets/scripts/build-a-rail/AxeController.cs
  artifactKey: Guid(729752bfbe9af80428701c2dd143fa27) Importer(815301076,1909f56bfc062723c751e8b465ee728b)
Start importing Assets/scripts/build-a-rail/AxeController.cs using Guid(729752bfbe9af80428701c2dd143fa27) Importer(815301076,1909f56bfc062723c751e8b465ee728b)  -> (artifact id: 'e71b1307f325bcdd4e217ba9e7af2602') in 0.009862 seconds
  Import took 0.014005 seconds .

========================================================================
Received Prepare
Registering precompiled user dll's ...
Registered in 0.001120 seconds.
Begin MonoManager ReloadAssembly
Native extension for OSXStandalone target not found
Refreshing native plugins compatible for Editor in 0.56 ms, found 1 plugins.
Preloading 0 native plugins for Editor in 0.00 ms.
Invoked RoslynAnalysisRunner static constructor.
RoslynAnalysisRunner will not be running.
RoslynAnalysisRunner has terminated.
Mono: successfully reloaded assembly
- Completed reload, in  1.164 seconds
Platform modules already initialized, skipping
Refreshing native plugins compatible for Editor in 0.52 ms, found 1 plugins.
Preloading 0 native plugins for Editor in 0.00 ms.
Unloading 1404 Unused Serialized files (Serialized files now loaded: 0)
System memory in use before: 127.8 MB.
System memory in use after: 127.2 MB.

Unloading 26 unused Assets to reduce memory usage. Loaded Objects now: 1860.
Total: 2.760221 ms (FindLiveObjects: 0.307633 ms CreateObjectMapping: 0.085335 ms MarkObjects: 1.890642 ms  DeleteObjects: 0.473690 ms)

AssetImportWorkerClient::OnTransportError - code=2 error=End of file
